{"C:\\Users\\Admin\\Desktop\\backend\\bankSystem\\config\\swagger.js": {"path":"C:\\Users\\Admin\\Desktop\\backend\\bankSystem\\config\\swagger.js","statementMap":{"0":{"start":{"line":5,"column":17},"end":{"line":5,"column":47}},"1":{"start":{"line":6,"column":18},"end":{"line":6,"column":40}},"2":{"start":{"line":8,"column":14},"end":{"line":108,"column":1}},"3":{"start":{"line":110,"column":20},"end":{"line":110,"column":41}}},"fnMap":{},"branchMap":{},"s":{"0":2,"1":2,"2":2,"3":2},"f":{},"b":{},"inputSourceMap":null,"_coverageSchema":"1a1c01bbd47fc00a2c39e90264f33305004495a9","hash":"660f2709833493c1c9e5aa21d558b8b99265ca18"}
,"C:\\Users\\Admin\\Desktop\\backend\\bankSystem\\database\\connection.js": {"path":"C:\\Users\\Admin\\Desktop\\backend\\bankSystem\\database\\connection.js","statementMap":{"0":{"start":{"line":5,"column":17},"end":{"line":5,"column":47}},"1":{"start":{"line":6,"column":16},"end":{"line":6,"column":38}},"2":{"start":{"line":7,"column":0},"end":{"line":7,"column":53}},"3":{"start":{"line":10,"column":13},"end":{"line":16,"column":2}},"4":{"start":{"line":18,"column":0},"end":{"line":21,"column":2}},"5":{"start":{"line":19,"column":4},"end":{"line":20,"column":69}},"6":{"start":{"line":19,"column":12},"end":{"line":19,"column":67}},"7":{"start":{"line":20,"column":13},"end":{"line":20,"column":69}}},"fnMap":{"0":{"name":"(anonymous_0)","decl":{"start":{"line":18,"column":26},"end":{"line":18,"column":27}},"loc":{"start":{"line":18,"column":37},"end":{"line":21,"column":1}},"line":18}},"branchMap":{"0":{"loc":{"start":{"line":19,"column":4},"end":{"line":20,"column":69}},"type":"if","locations":[{"start":{"line":19,"column":4},"end":{"line":20,"column":69}},{"start":{"line":20,"column":13},"end":{"line":20,"column":69}}],"line":19}},"s":{"0":2,"1":2,"2":2,"3":2,"4":2,"5":2,"6":0,"7":2},"f":{"0":2},"b":{"0":[0,2]},"inputSourceMap":null,"_coverageSchema":"1a1c01bbd47fc00a2c39e90264f33305004495a9","hash":"49623cbde86fc62f80103cf7a4b2a17adbd0dab9"}
,"C:\\Users\\Admin\\Desktop\\backend\\bankSystem\\helperFunctions\\AccountNo.js": {"path":"C:\\Users\\Admin\\Desktop\\backend\\bankSystem\\helperFunctions\\AccountNo.js","statementMap":{"0":{"start":{"line":4,"column":17},"end":{"line":4,"column":22}},"1":{"start":{"line":6,"column":4},"end":{"line":11,"column":5}},"2":{"start":{"line":8,"column":9},"end":{"line":8,"column":82}},"3":{"start":{"line":9,"column":23},"end":{"line":9,"column":104}},"4":{"start":{"line":10,"column":9},"end":{"line":10,"column":47}},"5":{"start":{"line":10,"column":34},"end":{"line":10,"column":47}},"6":{"start":{"line":12,"column":4},"end":{"line":12,"column":23}}},"fnMap":{"0":{"name":"checkUniqueAccountNo","decl":{"start":{"line":2,"column":15},"end":{"line":2,"column":35}},"loc":{"start":{"line":3,"column":0},"end":{"line":13,"column":1}},"line":3}},"branchMap":{"0":{"loc":{"start":{"line":10,"column":9},"end":{"line":10,"column":47}},"type":"if","locations":[{"start":{"line":10,"column":9},"end":{"line":10,"column":47}},{"start":{},"end":{}}],"line":10}},"s":{"0":1,"1":1,"2":1,"3":1,"4":1,"5":1,"6":1},"f":{"0":1},"b":{"0":[1,0]},"inputSourceMap":null,"_coverageSchema":"1a1c01bbd47fc00a2c39e90264f33305004495a9","hash":"6e086ef171de4f0af374c0a644337fd9eceb2dd4"}
,"C:\\Users\\Admin\\Desktop\\backend\\bankSystem\\helperFunctions\\transactionId.js": {"path":"C:\\Users\\Admin\\Desktop\\backend\\bankSystem\\helperFunctions\\transactionId.js","statementMap":{"0":{"start":{"line":4,"column":26},"end":{"line":6,"column":1}},"1":{"start":{"line":5,"column":4},"end":{"line":5,"column":50}}},"fnMap":{"0":{"name":"(anonymous_0)","decl":{"start":{"line":4,"column":26},"end":{"line":4,"column":27}},"loc":{"start":{"line":4,"column":30},"end":{"line":6,"column":1}},"line":4}},"branchMap":{},"s":{"0":2,"1":4},"f":{"0":4},"b":{},"inputSourceMap":null,"_coverageSchema":"1a1c01bbd47fc00a2c39e90264f33305004495a9","hash":"02fbe2320f13e522c62684a9bb5cb72d7d1d4965"}
,"C:\\Users\\Admin\\Desktop\\backend\\bankSystem\\middlewears\\verifyToken.js": {"path":"C:\\Users\\Admin\\Desktop\\backend\\bankSystem\\middlewears\\verifyToken.js","statementMap":{"0":{"start":{"line":6,"column":17},"end":{"line":6,"column":47}},"1":{"start":{"line":7,"column":16},"end":{"line":7,"column":38}},"2":{"start":{"line":9,"column":0},"end":{"line":9,"column":58}},"3":{"start":{"line":11,"column":18},"end":{"line":20,"column":1}},"4":{"start":{"line":12,"column":13},"end":{"line":12,"column":37}},"5":{"start":{"line":13,"column":2},"end":{"line":13,"column":76}},"6":{"start":{"line":13,"column":13},"end":{"line":13,"column":76}},"7":{"start":{"line":14,"column":14},"end":{"line":14,"column":32}},"8":{"start":{"line":15,"column":2},"end":{"line":19,"column":5}},"9":{"start":{"line":16,"column":4},"end":{"line":16,"column":76}},"10":{"start":{"line":16,"column":13},"end":{"line":16,"column":76}},"11":{"start":{"line":17,"column":4},"end":{"line":17,"column":22}},"12":{"start":{"line":18,"column":4},"end":{"line":18,"column":11}}},"fnMap":{"0":{"name":"(anonymous_0)","decl":{"start":{"line":11,"column":18},"end":{"line":11,"column":19}},"loc":{"start":{"line":11,"column":38},"end":{"line":20,"column":1}},"line":11},"1":{"name":"(anonymous_1)","decl":{"start":{"line":15,"column":41},"end":{"line":15,"column":42}},"loc":{"start":{"line":15,"column":58},"end":{"line":19,"column":3}},"line":15}},"branchMap":{"0":{"loc":{"start":{"line":13,"column":2},"end":{"line":13,"column":76}},"type":"if","locations":[{"start":{"line":13,"column":2},"end":{"line":13,"column":76}},{"start":{},"end":{}}],"line":13},"1":{"loc":{"start":{"line":16,"column":4},"end":{"line":16,"column":76}},"type":"if","locations":[{"start":{"line":16,"column":4},"end":{"line":16,"column":76}},{"start":{},"end":{}}],"line":16}},"s":{"0":2,"1":2,"2":2,"3":2,"4":6,"5":6,"6":0,"7":6,"8":6,"9":6,"10":0,"11":6,"12":6},"f":{"0":6,"1":6},"b":{"0":[0,6],"1":[0,6]},"inputSourceMap":null,"_coverageSchema":"1a1c01bbd47fc00a2c39e90264f33305004495a9","hash":"f41a101a1cf55d941439996375e77cde68122086"}
,"C:\\Users\\Admin\\Desktop\\backend\\bankSystem\\routes\\auth.js": {"path":"C:\\Users\\Admin\\Desktop\\backend\\bankSystem\\routes\\auth.js","statementMap":{"0":{"start":{"line":10,"column":17},"end":{"line":10,"column":47}},"1":{"start":{"line":11,"column":16},"end":{"line":11,"column":38}},"2":{"start":{"line":12,"column":0},"end":{"line":12,"column":58}},"3":{"start":{"line":14,"column":15},"end":{"line":14,"column":31}},"4":{"start":{"line":16,"column":19},"end":{"line":35,"column":2}},"5":{"start":{"line":111,"column":0},"end":{"line":154,"column":3}},"6":{"start":{"line":112,"column":15},"end":{"line":112,"column":33}},"7":{"start":{"line":113,"column":2},"end":{"line":153,"column":3}},"8":{"start":{"line":114,"column":27},"end":{"line":114,"column":56}},"9":{"start":{"line":115,"column":4},"end":{"line":118,"column":68}},"10":{"start":{"line":116,"column":6},"end":{"line":118,"column":68}},"11":{"start":{"line":118,"column":52},"end":{"line":118,"column":63}},"12":{"start":{"line":119,"column":49},"end":{"line":119,"column":57}},"13":{"start":{"line":120,"column":20},"end":{"line":120,"column":40}},"14":{"start":{"line":121,"column":4},"end":{"line":147,"column":5}},"15":{"start":{"line":122,"column":6},"end":{"line":122,"column":34}},"16":{"start":{"line":123,"column":20},"end":{"line":126,"column":7}},"17":{"start":{"line":127,"column":15},"end":{"line":127,"column":34}},"18":{"start":{"line":128,"column":27},"end":{"line":128,"column":58}},"19":{"start":{"line":129,"column":6},"end":{"line":146,"column":7}},"20":{"start":{"line":130,"column":22},"end":{"line":133,"column":9}},"21":{"start":{"line":134,"column":22},"end":{"line":137,"column":9}},"22":{"start":{"line":138,"column":8},"end":{"line":141,"column":75}},"23":{"start":{"line":139,"column":10},"end":{"line":141,"column":75}},"24":{"start":{"line":142,"column":8},"end":{"line":142,"column":37}},"25":{"start":{"line":143,"column":8},"end":{"line":143,"column":53}},"26":{"start":{"line":145,"column":8},"end":{"line":145,"column":70}},"27":{"start":{"line":149,"column":4},"end":{"line":149,"column":35}},"28":{"start":{"line":150,"column":4},"end":{"line":150,"column":53}},"29":{"start":{"line":152,"column":4},"end":{"line":152,"column":21}},"30":{"start":{"line":156,"column":27},"end":{"line":168,"column":2}},"31":{"start":{"line":246,"column":0},"end":{"line":282,"column":3}},"32":{"start":{"line":247,"column":2},"end":{"line":281,"column":3}},"33":{"start":{"line":248,"column":27},"end":{"line":248,"column":64}},"34":{"start":{"line":249,"column":4},"end":{"line":250,"column":75}},"35":{"start":{"line":250,"column":6},"end":{"line":250,"column":75}},"36":{"start":{"line":250,"column":61},"end":{"line":250,"column":72}},"37":{"start":{"line":251,"column":30},"end":{"line":251,"column":35}},"38":{"start":{"line":252,"column":19},"end":{"line":254,"column":6}},"39":{"start":{"line":255,"column":4},"end":{"line":256,"column":76}},"40":{"start":{"line":256,"column":6},"end":{"line":256,"column":76}},"41":{"start":{"line":257,"column":25},"end":{"line":260,"column":5}},"42":{"start":{"line":261,"column":25},"end":{"line":264,"column":5}},"43":{"start":{"line":265,"column":4},"end":{"line":268,"column":80}},"44":{"start":{"line":266,"column":6},"end":{"line":268,"column":80}},"45":{"start":{"line":269,"column":16},"end":{"line":273,"column":5}},"46":{"start":{"line":274,"column":4},"end":{"line":277,"column":77}},"47":{"start":{"line":275,"column":6},"end":{"line":277,"column":77}},"48":{"start":{"line":278,"column":4},"end":{"line":278,"column":36}},"49":{"start":{"line":280,"column":4},"end":{"line":280,"column":51}}},"fnMap":{"0":{"name":"(anonymous_0)","decl":{"start":{"line":111,"column":23},"end":{"line":111,"column":24}},"loc":{"start":{"line":111,"column":43},"end":{"line":154,"column":1}},"line":111},"1":{"name":"(anonymous_1)","decl":{"start":{"line":118,"column":43},"end":{"line":118,"column":44}},"loc":{"start":{"line":118,"column":52},"end":{"line":118,"column":63}},"line":118},"2":{"name":"(anonymous_2)","decl":{"start":{"line":246,"column":22},"end":{"line":246,"column":23}},"loc":{"start":{"line":246,"column":42},"end":{"line":282,"column":1}},"line":246},"3":{"name":"(anonymous_3)","decl":{"start":{"line":250,"column":52},"end":{"line":250,"column":53}},"loc":{"start":{"line":250,"column":61},"end":{"line":250,"column":72}},"line":250}},"branchMap":{"0":{"loc":{"start":{"line":115,"column":4},"end":{"line":118,"column":68}},"type":"if","locations":[{"start":{"line":115,"column":4},"end":{"line":118,"column":68}},{"start":{},"end":{}}],"line":115},"1":{"loc":{"start":{"line":121,"column":4},"end":{"line":147,"column":5}},"type":"if","locations":[{"start":{"line":121,"column":4},"end":{"line":147,"column":5}},{"start":{},"end":{}}],"line":121},"2":{"loc":{"start":{"line":129,"column":6},"end":{"line":146,"column":7}},"type":"if","locations":[{"start":{"line":129,"column":6},"end":{"line":146,"column":7}},{"start":{"line":144,"column":13},"end":{"line":146,"column":7}}],"line":129},"3":{"loc":{"start":{"line":138,"column":8},"end":{"line":141,"column":75}},"type":"if","locations":[{"start":{"line":138,"column":8},"end":{"line":141,"column":75}},{"start":{},"end":{}}],"line":138},"4":{"loc":{"start":{"line":249,"column":4},"end":{"line":250,"column":75}},"type":"if","locations":[{"start":{"line":249,"column":4},"end":{"line":250,"column":75}},{"start":{},"end":{}}],"line":249},"5":{"loc":{"start":{"line":255,"column":4},"end":{"line":256,"column":76}},"type":"if","locations":[{"start":{"line":255,"column":4},"end":{"line":256,"column":76}},{"start":{},"end":{}}],"line":255},"6":{"loc":{"start":{"line":265,"column":4},"end":{"line":268,"column":80}},"type":"if","locations":[{"start":{"line":265,"column":4},"end":{"line":268,"column":80}},{"start":{},"end":{}}],"line":265},"7":{"loc":{"start":{"line":274,"column":4},"end":{"line":277,"column":77}},"type":"if","locations":[{"start":{"line":274,"column":4},"end":{"line":277,"column":77}},{"start":{},"end":{}}],"line":274}},"s":{"0":2,"1":2,"2":2,"3":2,"4":2,"5":2,"6":2,"7":2,"8":2,"9":2,"10":1,"11":1,"12":1,"13":1,"14":1,"15":1,"16":1,"17":1,"18":1,"19":1,"20":1,"21":1,"22":1,"23":0,"24":1,"25":1,"26":0,"27":0,"28":0,"29":2,"30":2,"31":2,"32":4,"33":4,"34":4,"35":1,"36":1,"37":3,"38":3,"39":3,"40":1,"41":2,"42":2,"43":2,"44":1,"45":1,"46":1,"47":0,"48":1,"49":0},"f":{"0":2,"1":1,"2":4,"3":1},"b":{"0":[1,1],"1":[1,0],"2":[1,0],"3":[0,1],"4":[1,3],"5":[1,2],"6":[1,1],"7":[0,1]},"inputSourceMap":null,"_coverageSchema":"1a1c01bbd47fc00a2c39e90264f33305004495a9","hash":"714d8cc6b48b58e8606ea683c71ace67fb49114e"}
,"C:\\Users\\Admin\\Desktop\\backend\\bankSystem\\routes\\main.js": {"path":"C:\\Users\\Admin\\Desktop\\backend\\bankSystem\\routes\\main.js","statementMap":{"0":{"start":{"line":8,"column":12},"end":{"line":8,"column":21}},"1":{"start":{"line":11,"column":0},"end":{"line":13,"column":2}},"2":{"start":{"line":12,"column":4},"end":{"line":12,"column":68}},"3":{"start":{"line":15,"column":0},"end":{"line":15,"column":23}},"4":{"start":{"line":16,"column":0},"end":{"line":16,"column":22}},"5":{"start":{"line":17,"column":0},"end":{"line":17,"column":21}},"6":{"start":{"line":18,"column":0},"end":{"line":18,"column":23}},"7":{"start":{"line":19,"column":0},"end":{"line":19,"column":37}},"8":{"start":{"line":20,"column":0},"end":{"line":23,"column":4}}},"fnMap":{"0":{"name":"(anonymous_0)","decl":{"start":{"line":11,"column":18},"end":{"line":11,"column":19}},"loc":{"start":{"line":11,"column":29},"end":{"line":13,"column":1}},"line":11}},"branchMap":{},"s":{"0":2,"1":2,"2":0,"3":2,"4":2,"5":2,"6":2,"7":2,"8":2},"f":{"0":0},"b":{},"inputSourceMap":null,"_coverageSchema":"1a1c01bbd47fc00a2c39e90264f33305004495a9","hash":"ca00b1f3eca4954f199fe1fc267fb0797da2003f"}
,"C:\\Users\\Admin\\Desktop\\backend\\bankSystem\\routes\\transactions.js": {"path":"C:\\Users\\Admin\\Desktop\\backend\\bankSystem\\routes\\transactions.js","statementMap":{"0":{"start":{"line":7,"column":15},"end":{"line":7,"column":31}},"1":{"start":{"line":9,"column":26},"end":{"line":9,"column":49}},"2":{"start":{"line":10,"column":25},"end":{"line":12,"column":2}},"3":{"start":{"line":71,"column":0},"end":{"line":108,"column":3}},"4":{"start":{"line":72,"column":17},"end":{"line":72,"column":35}},"5":{"start":{"line":73,"column":18},"end":{"line":73,"column":29}},"6":{"start":{"line":74,"column":24},"end":{"line":74,"column":45}},"7":{"start":{"line":75,"column":4},"end":{"line":107,"column":5}},"8":{"start":{"line":76,"column":28},"end":{"line":76,"column":65}},"9":{"start":{"line":77,"column":8},"end":{"line":77,"column":82}},"10":{"start":{"line":77,"column":18},"end":{"line":77,"column":82}},"11":{"start":{"line":78,"column":29},"end":{"line":78,"column":34}},"12":{"start":{"line":79,"column":30},"end":{"line":79,"column":73}},"13":{"start":{"line":80,"column":8},"end":{"line":80,"column":93}},"14":{"start":{"line":80,"column":20},"end":{"line":80,"column":93}},"15":{"start":{"line":81,"column":8},"end":{"line":81,"column":36}},"16":{"start":{"line":82,"column":28},"end":{"line":82,"column":154}},"17":{"start":{"line":83,"column":8},"end":{"line":86,"column":9}},"18":{"start":{"line":84,"column":12},"end":{"line":84,"column":43}},"19":{"start":{"line":85,"column":12},"end":{"line":85,"column":76}},"20":{"start":{"line":87,"column":39},"end":{"line":87,"column":230}},"21":{"start":{"line":88,"column":8},"end":{"line":88,"column":37}},"22":{"start":{"line":89,"column":8},"end":{"line":89,"column":131}},"23":{"start":{"line":93,"column":8},"end":{"line":93,"column":39}},"24":{"start":{"line":94,"column":8},"end":{"line":94,"column":45}},"25":{"start":{"line":95,"column":8},"end":{"line":100,"column":9}},"26":{"start":{"line":96,"column":39},"end":{"line":96,"column":225}},"27":{"start":{"line":99,"column":12},"end":{"line":99,"column":42}},"28":{"start":{"line":101,"column":8},"end":{"line":103,"column":9}},"29":{"start":{"line":102,"column":12},"end":{"line":102,"column":78}},"30":{"start":{"line":106,"column":8},"end":{"line":106,"column":24}},"31":{"start":{"line":111,"column":24},"end":{"line":113,"column":2}},"32":{"start":{"line":173,"column":0},"end":{"line":203,"column":2}},"33":{"start":{"line":174,"column":18},"end":{"line":174,"column":29}},"34":{"start":{"line":175,"column":17},"end":{"line":175,"column":35}},"35":{"start":{"line":176,"column":4},"end":{"line":202,"column":5}},"36":{"start":{"line":177,"column":28},"end":{"line":177,"column":64}},"37":{"start":{"line":178,"column":8},"end":{"line":178,"column":93}},"38":{"start":{"line":178,"column":18},"end":{"line":178,"column":93}},"39":{"start":{"line":178,"column":78},"end":{"line":178,"column":89}},"40":{"start":{"line":179,"column":28},"end":{"line":179,"column":33}},"41":{"start":{"line":180,"column":8},"end":{"line":180,"column":36}},"42":{"start":{"line":181,"column":27},"end":{"line":181,"column":121}},"43":{"start":{"line":182,"column":8},"end":{"line":186,"column":13}},"44":{"start":{"line":184,"column":16},"end":{"line":184,"column":47}},"45":{"start":{"line":185,"column":16},"end":{"line":185,"column":99}},"46":{"start":{"line":187,"column":28},"end":{"line":187,"column":49}},"47":{"start":{"line":188,"column":32},"end":{"line":188,"column":155}},"48":{"start":{"line":189,"column":34},"end":{"line":189,"column":224}},"49":{"start":{"line":190,"column":8},"end":{"line":191,"column":37}},"50":{"start":{"line":191,"column":8},"end":{"line":191,"column":37}},"51":{"start":{"line":192,"column":4},"end":{"line":192,"column":155}},"52":{"start":{"line":196,"column":8},"end":{"line":196,"column":39}},"53":{"start":{"line":197,"column":8},"end":{"line":197,"column":54}},"54":{"start":{"line":198,"column":8},"end":{"line":198,"column":63}},"55":{"start":{"line":201,"column":8},"end":{"line":201,"column":25}}},"fnMap":{"0":{"name":"(anonymous_0)","decl":{"start":{"line":71,"column":34},"end":{"line":71,"column":35}},"loc":{"start":{"line":71,"column":50},"end":{"line":108,"column":1}},"line":71},"1":{"name":"(anonymous_1)","decl":{"start":{"line":173,"column":33},"end":{"line":173,"column":34}},"loc":{"start":{"line":173,"column":49},"end":{"line":203,"column":1}},"line":173},"2":{"name":"(anonymous_2)","decl":{"start":{"line":178,"column":73},"end":{"line":178,"column":74}},"loc":{"start":{"line":178,"column":78},"end":{"line":178,"column":89}},"line":178}},"branchMap":{"0":{"loc":{"start":{"line":77,"column":8},"end":{"line":77,"column":82}},"type":"if","locations":[{"start":{"line":77,"column":8},"end":{"line":77,"column":82}},{"start":{},"end":{}}],"line":77},"1":{"loc":{"start":{"line":80,"column":8},"end":{"line":80,"column":93}},"type":"if","locations":[{"start":{"line":80,"column":8},"end":{"line":80,"column":93}},{"start":{},"end":{}}],"line":80},"2":{"loc":{"start":{"line":83,"column":8},"end":{"line":86,"column":9}},"type":"if","locations":[{"start":{"line":83,"column":8},"end":{"line":86,"column":9}},{"start":{},"end":{}}],"line":83},"3":{"loc":{"start":{"line":101,"column":8},"end":{"line":103,"column":9}},"type":"if","locations":[{"start":{"line":101,"column":8},"end":{"line":103,"column":9}},{"start":{},"end":{}}],"line":101},"4":{"loc":{"start":{"line":178,"column":8},"end":{"line":178,"column":93}},"type":"if","locations":[{"start":{"line":178,"column":8},"end":{"line":178,"column":93}},{"start":{},"end":{}}],"line":178},"5":{"loc":{"start":{"line":182,"column":8},"end":{"line":186,"column":13}},"type":"if","locations":[{"start":{"line":182,"column":8},"end":{"line":186,"column":13}},{"start":{},"end":{}}],"line":182},"6":{"loc":{"start":{"line":190,"column":8},"end":{"line":191,"column":37}},"type":"if","locations":[{"start":{"line":190,"column":8},"end":{"line":191,"column":37}},{"start":{},"end":{}}],"line":190}},"s":{"0":2,"1":2,"2":2,"3":2,"4":3,"5":3,"6":3,"7":3,"8":3,"9":3,"10":1,"11":2,"12":1,"13":1,"14":0,"15":1,"16":1,"17":1,"18":0,"19":0,"20":1,"21":1,"22":1,"23":1,"24":0,"25":0,"26":0,"27":0,"28":0,"29":0,"30":3,"31":2,"32":2,"33":3,"34":3,"35":3,"36":3,"37":3,"38":1,"39":1,"40":2,"41":2,"42":2,"43":2,"44":1,"45":1,"46":1,"47":1,"48":1,"49":1,"50":1,"51":1,"52":0,"53":0,"54":0,"55":3},"f":{"0":3,"1":3,"2":1},"b":{"0":[1,2],"1":[0,1],"2":[0,1],"3":[0,0],"4":[1,2],"5":[1,1],"6":[1,0]},"inputSourceMap":null,"_coverageSchema":"1a1c01bbd47fc00a2c39e90264f33305004495a9","hash":"d02aa65b33b5036ca0b1afdda63a1d47c0a690c6"}
,"C:\\Users\\Admin\\Desktop\\backend\\bankSystem\\routes\\users.js": {"path":"C:\\Users\\Admin\\Desktop\\backend\\bankSystem\\routes\\users.js","statementMap":{"0":{"start":{"line":6,"column":15},"end":{"line":6,"column":31}},"1":{"start":{"line":50,"column":0},"end":{"line":61,"column":3}},"2":{"start":{"line":51,"column":2},"end":{"line":60,"column":3}},"3":{"start":{"line":52,"column":18},"end":{"line":52,"column":29}},"4":{"start":{"line":53,"column":17},"end":{"line":53,"column":75}},"5":{"start":{"line":54,"column":4},"end":{"line":55,"column":67}},"6":{"start":{"line":55,"column":6},"end":{"line":55,"column":67}},"7":{"start":{"line":56,"column":4},"end":{"line":56,"column":70}},"8":{"start":{"line":58,"column":4},"end":{"line":58,"column":31}},"9":{"start":{"line":59,"column":4},"end":{"line":59,"column":63}},"10":{"start":{"line":63,"column":24},"end":{"line":75,"column":2}},"11":{"start":{"line":140,"column":0},"end":{"line":159,"column":3}},"12":{"start":{"line":141,"column":2},"end":{"line":158,"column":3}},"13":{"start":{"line":142,"column":27},"end":{"line":142,"column":63}},"14":{"start":{"line":143,"column":4},"end":{"line":144,"column":75}},"15":{"start":{"line":144,"column":6},"end":{"line":144,"column":75}},"16":{"start":{"line":144,"column":61},"end":{"line":144,"column":72}},"17":{"start":{"line":145,"column":18},"end":{"line":145,"column":29}},"18":{"start":{"line":146,"column":26},"end":{"line":146,"column":31}},"19":{"start":{"line":147,"column":25},"end":{"line":147,"column":59}},"20":{"start":{"line":148,"column":17},"end":{"line":151,"column":5}},"21":{"start":{"line":152,"column":4},"end":{"line":153,"column":76}},"22":{"start":{"line":153,"column":6},"end":{"line":153,"column":76}},"23":{"start":{"line":154,"column":4},"end":{"line":154,"column":71}},"24":{"start":{"line":156,"column":4},"end":{"line":156,"column":29}},"25":{"start":{"line":157,"column":4},"end":{"line":157,"column":63}},"26":{"start":{"line":161,"column":18},"end":{"line":164,"column":2}},"27":{"start":{"line":166,"column":0},"end":{"line":187,"column":3}},"28":{"start":{"line":167,"column":2},"end":{"line":186,"column":3}},"29":{"start":{"line":168,"column":24},"end":{"line":168,"column":55}},"30":{"start":{"line":169,"column":4},"end":{"line":169,"column":81}},"31":{"start":{"line":169,"column":14},"end":{"line":169,"column":81}},"32":{"start":{"line":170,"column":23},"end":{"line":170,"column":28}},"33":{"start":{"line":171,"column":4},"end":{"line":171,"column":19}},"34":{"start":{"line":172,"column":4},"end":{"line":172,"column":21}},"35":{"start":{"line":174,"column":17},"end":{"line":174,"column":35}},"36":{"start":{"line":175,"column":18},"end":{"line":175,"column":29}},"37":{"start":{"line":176,"column":17},"end":{"line":179,"column":5}},"38":{"start":{"line":180,"column":4},"end":{"line":181,"column":65}},"39":{"start":{"line":181,"column":6},"end":{"line":181,"column":65}},"40":{"start":{"line":182,"column":4},"end":{"line":182,"column":56}},"41":{"start":{"line":184,"column":4},"end":{"line":184,"column":48}},"42":{"start":{"line":185,"column":4},"end":{"line":185,"column":63}},"43":{"start":{"line":189,"column":0},"end":{"line":204,"column":2}},"44":{"start":{"line":190,"column":2},"end":{"line":203,"column":3}},"45":{"start":{"line":191,"column":18},"end":{"line":191,"column":29}},"46":{"start":{"line":192,"column":24},"end":{"line":192,"column":55}},"47":{"start":{"line":193,"column":4},"end":{"line":193,"column":93}},"48":{"start":{"line":193,"column":14},"end":{"line":193,"column":93}},"49":{"start":{"line":194,"column":27},"end":{"line":194,"column":32}},"50":{"start":{"line":195,"column":17},"end":{"line":195,"column":31}},"51":{"start":{"line":196,"column":17},"end":{"line":196,"column":272}},"52":{"start":{"line":197,"column":4},"end":{"line":197,"column":92}},"53":{"start":{"line":197,"column":28},"end":{"line":197,"column":92}},"54":{"start":{"line":198,"column":4},"end":{"line":198,"column":53}},"55":{"start":{"line":201,"column":4},"end":{"line":201,"column":49}},"56":{"start":{"line":202,"column":4},"end":{"line":202,"column":61}}},"fnMap":{"0":{"name":"(anonymous_0)","decl":{"start":{"line":50,"column":42},"end":{"line":50,"column":43}},"loc":{"start":{"line":50,"column":62},"end":{"line":61,"column":1}},"line":50},"1":{"name":"(anonymous_1)","decl":{"start":{"line":140,"column":45},"end":{"line":140,"column":46}},"loc":{"start":{"line":140,"column":65},"end":{"line":159,"column":1}},"line":140},"2":{"name":"(anonymous_2)","decl":{"start":{"line":144,"column":52},"end":{"line":144,"column":53}},"loc":{"start":{"line":144,"column":61},"end":{"line":144,"column":72}},"line":144},"3":{"name":"(anonymous_3)","decl":{"start":{"line":166,"column":41},"end":{"line":166,"column":42}},"loc":{"start":{"line":166,"column":61},"end":{"line":187,"column":1}},"line":166},"4":{"name":"(anonymous_4)","decl":{"start":{"line":189,"column":45},"end":{"line":189,"column":46}},"loc":{"start":{"line":189,"column":61},"end":{"line":204,"column":1}},"line":189}},"branchMap":{"0":{"loc":{"start":{"line":54,"column":4},"end":{"line":55,"column":67}},"type":"if","locations":[{"start":{"line":54,"column":4},"end":{"line":55,"column":67}},{"start":{},"end":{}}],"line":54},"1":{"loc":{"start":{"line":143,"column":4},"end":{"line":144,"column":75}},"type":"if","locations":[{"start":{"line":143,"column":4},"end":{"line":144,"column":75}},{"start":{},"end":{}}],"line":143},"2":{"loc":{"start":{"line":152,"column":4},"end":{"line":153,"column":76}},"type":"if","locations":[{"start":{"line":152,"column":4},"end":{"line":153,"column":76}},{"start":{},"end":{}}],"line":152},"3":{"loc":{"start":{"line":169,"column":4},"end":{"line":169,"column":81}},"type":"if","locations":[{"start":{"line":169,"column":4},"end":{"line":169,"column":81}},{"start":{},"end":{}}],"line":169},"4":{"loc":{"start":{"line":171,"column":11},"end":{"line":171,"column":18}},"type":"binary-expr","locations":[{"start":{"line":171,"column":11},"end":{"line":171,"column":15}},{"start":{"line":171,"column":17},"end":{"line":171,"column":18}}],"line":171},"5":{"loc":{"start":{"line":172,"column":12},"end":{"line":172,"column":20}},"type":"binary-expr","locations":[{"start":{"line":172,"column":12},"end":{"line":172,"column":17}},{"start":{"line":172,"column":19},"end":{"line":172,"column":20}}],"line":172},"6":{"loc":{"start":{"line":180,"column":4},"end":{"line":181,"column":65}},"type":"if","locations":[{"start":{"line":180,"column":4},"end":{"line":181,"column":65}},{"start":{},"end":{}}],"line":180},"7":{"loc":{"start":{"line":193,"column":4},"end":{"line":193,"column":93}},"type":"if","locations":[{"start":{"line":193,"column":4},"end":{"line":193,"column":93}},{"start":{},"end":{}}],"line":193},"8":{"loc":{"start":{"line":194,"column":9},"end":{"line":194,"column":15}},"type":"default-arg","locations":[{"start":{"line":194,"column":14},"end":{"line":194,"column":15}}],"line":194},"9":{"loc":{"start":{"line":194,"column":16},"end":{"line":194,"column":23}},"type":"default-arg","locations":[{"start":{"line":194,"column":22},"end":{"line":194,"column":23}}],"line":194},"10":{"loc":{"start":{"line":197,"column":4},"end":{"line":197,"column":92}},"type":"if","locations":[{"start":{"line":197,"column":4},"end":{"line":197,"column":92}},{"start":{},"end":{}}],"line":197}},"s":{"0":2,"1":2,"2":0,"3":0,"4":0,"5":0,"6":0,"7":0,"8":0,"9":0,"10":2,"11":2,"12":0,"13":0,"14":0,"15":0,"16":0,"17":0,"18":0,"19":0,"20":0,"21":0,"22":0,"23":0,"24":0,"25":0,"26":2,"27":2,"28":0,"29":0,"30":0,"31":0,"32":0,"33":0,"34":0,"35":0,"36":0,"37":0,"38":0,"39":0,"40":0,"41":0,"42":0,"43":2,"44":0,"45":0,"46":0,"47":0,"48":0,"49":0,"50":0,"51":0,"52":0,"53":0,"54":0,"55":0,"56":0},"f":{"0":0,"1":0,"2":0,"3":0,"4":0},"b":{"0":[0,0],"1":[0,0],"2":[0,0],"3":[0,0],"4":[0,0],"5":[0,0],"6":[0,0],"7":[0,0],"8":[0],"9":[0],"10":[0,0]},"inputSourceMap":null,"_coverageSchema":"1a1c01bbd47fc00a2c39e90264f33305004495a9","hash":"b0f1fe2516cbf378fc5bbb3525d3775ce0687053"}
}
