TN:
SF:config\swagger.js
FNF:0
FNH:0
DA:5,2
DA:6,2
DA:8,2
DA:110,2
LF:4
LH:4
BRF:0
BRH:0
end_of_record
TN:
SF:database\connection.js
FN:18,(anonymous_0)
FNF:1
FNH:1
FNDA:2,(anonymous_0)
DA:5,2
DA:6,2
DA:7,2
DA:10,2
DA:18,2
DA:19,2
DA:20,2
LF:7
LH:7
BRDA:19,0,0,0
BRDA:19,0,1,2
BRF:2
BRH:1
end_of_record
TN:
SF:helperFunctions\AccountNo.js
FN:2,checkUniqueAccountNo
FNF:1
FNH:1
FNDA:1,checkUniqueAccountNo
DA:4,1
DA:6,1
DA:8,1
DA:9,1
DA:10,1
DA:12,1
LF:6
LH:6
BRDA:10,0,0,1
BRDA:10,0,1,0
BRF:2
BRH:1
end_of_record
TN:
SF:helperFunctions\transactionId.js
FN:4,(anonymous_0)
FNF:1
FNH:1
FNDA:4,(anonymous_0)
DA:4,2
DA:5,4
LF:2
LH:2
BRF:0
BRH:0
end_of_record
TN:
SF:middlewears\verifyToken.js
FN:11,(anonymous_0)
FN:15,(anonymous_1)
FNF:2
FNH:2
FNDA:6,(anonymous_0)
FNDA:6,(anonymous_1)
DA:6,2
DA:7,2
DA:9,2
DA:11,2
DA:12,6
DA:13,6
DA:14,6
DA:15,6
DA:16,6
DA:17,6
DA:18,6
LF:11
LH:11
BRDA:13,0,0,0
BRDA:13,0,1,6
BRDA:16,1,0,0
BRDA:16,1,1,6
BRF:4
BRH:2
end_of_record
TN:
SF:routes\auth.js
FN:111,(anonymous_0)
FN:118,(anonymous_1)
FN:246,(anonymous_2)
FN:250,(anonymous_3)
FNF:4
FNH:4
FNDA:2,(anonymous_0)
FNDA:1,(anonymous_1)
FNDA:4,(anonymous_2)
FNDA:1,(anonymous_3)
DA:10,2
DA:11,2
DA:12,2
DA:14,2
DA:16,2
DA:111,2
DA:112,2
DA:113,2
DA:114,2
DA:115,2
DA:116,1
DA:118,1
DA:119,1
DA:120,1
DA:121,1
DA:122,1
DA:123,1
DA:127,1
DA:128,1
DA:129,1
DA:130,1
DA:134,1
DA:138,1
DA:139,0
DA:142,1
DA:143,1
DA:145,0
DA:149,0
DA:150,0
DA:152,2
DA:156,2
DA:246,2
DA:247,4
DA:248,4
DA:249,4
DA:250,1
DA:251,3
DA:252,3
DA:255,3
DA:256,1
DA:257,2
DA:261,2
DA:265,2
DA:266,1
DA:269,1
DA:274,1
DA:275,0
DA:278,1
DA:280,0
LF:49
LH:43
BRDA:115,0,0,1
BRDA:115,0,1,1
BRDA:121,1,0,1
BRDA:121,1,1,0
BRDA:129,2,0,1
BRDA:129,2,1,0
BRDA:138,3,0,0
BRDA:138,3,1,1
BRDA:249,4,0,1
BRDA:249,4,1,3
BRDA:255,5,0,1
BRDA:255,5,1,2
BRDA:265,6,0,1
BRDA:265,6,1,1
BRDA:274,7,0,0
BRDA:274,7,1,1
BRF:16
BRH:12
end_of_record
TN:
SF:routes\main.js
FN:11,(anonymous_0)
FNF:1
FNH:0
FNDA:0,(anonymous_0)
DA:8,2
DA:11,2
DA:12,0
DA:15,2
DA:16,2
DA:17,2
DA:18,2
DA:19,2
DA:20,2
LF:9
LH:8
BRF:0
BRH:0
end_of_record
TN:
SF:routes\transactions.js
FN:71,(anonymous_0)
FN:173,(anonymous_1)
FN:178,(anonymous_2)
FNF:3
FNH:3
FNDA:3,(anonymous_0)
FNDA:3,(anonymous_1)
FNDA:1,(anonymous_2)
DA:7,2
DA:9,2
DA:10,2
DA:71,2
DA:72,3
DA:73,3
DA:74,3
DA:75,3
DA:76,3
DA:77,3
DA:78,2
DA:79,1
DA:80,1
DA:81,1
DA:82,1
DA:83,1
DA:84,0
DA:85,0
DA:87,1
DA:88,1
DA:89,1
DA:93,1
DA:94,0
DA:95,0
DA:96,0
DA:99,0
DA:101,0
DA:102,0
DA:106,3
DA:111,2
DA:173,2
DA:174,3
DA:175,3
DA:176,3
DA:177,3
DA:178,3
DA:179,2
DA:180,2
DA:181,2
DA:182,2
DA:184,1
DA:185,1
DA:187,1
DA:188,1
DA:189,1
DA:190,1
DA:191,1
DA:192,1
DA:196,0
DA:197,0
DA:198,0
DA:201,3
LF:52
LH:41
BRDA:77,0,0,1
BRDA:77,0,1,2
BRDA:80,1,0,0
BRDA:80,1,1,1
BRDA:83,2,0,0
BRDA:83,2,1,1
BRDA:101,3,0,0
BRDA:101,3,1,0
BRDA:178,4,0,1
BRDA:178,4,1,2
BRDA:182,5,0,1
BRDA:182,5,1,1
BRDA:190,6,0,1
BRDA:190,6,1,0
BRF:14
BRH:9
end_of_record
TN:
SF:routes\users.js
FN:50,(anonymous_0)
FN:140,(anonymous_1)
FN:144,(anonymous_2)
FN:166,(anonymous_3)
FN:189,(anonymous_4)
FNF:5
FNH:0
FNDA:0,(anonymous_0)
FNDA:0,(anonymous_1)
FNDA:0,(anonymous_2)
FNDA:0,(anonymous_3)
FNDA:0,(anonymous_4)
DA:6,2
DA:50,2
DA:51,0
DA:52,0
DA:53,0
DA:54,0
DA:55,0
DA:56,0
DA:58,0
DA:59,0
DA:63,2
DA:140,2
DA:141,0
DA:142,0
DA:143,0
DA:144,0
DA:145,0
DA:146,0
DA:147,0
DA:148,0
DA:152,0
DA:153,0
DA:154,0
DA:156,0
DA:157,0
DA:161,2
DA:166,2
DA:167,0
DA:168,0
DA:169,0
DA:170,0
DA:171,0
DA:172,0
DA:174,0
DA:175,0
DA:176,0
DA:180,0
DA:181,0
DA:182,0
DA:184,0
DA:185,0
DA:189,2
DA:190,0
DA:191,0
DA:192,0
DA:193,0
DA:194,0
DA:195,0
DA:196,0
DA:197,0
DA:198,0
DA:201,0
DA:202,0
LF:53
LH:7
BRDA:54,0,0,0
BRDA:54,0,1,0
BRDA:143,1,0,0
BRDA:143,1,1,0
BRDA:152,2,0,0
BRDA:152,2,1,0
BRDA:169,3,0,0
BRDA:169,3,1,0
BRDA:171,4,0,0
BRDA:171,4,1,0
BRDA:172,5,0,0
BRDA:172,5,1,0
BRDA:180,6,0,0
BRDA:180,6,1,0
BRDA:193,7,0,0
BRDA:193,7,1,0
BRDA:194,8,0,0
BRDA:194,9,0,0
BRDA:197,10,0,0
BRDA:197,10,1,0
BRF:20
BRH:0
end_of_record
